  [4;36;1mSQL (1.1ms)[0m   [0;1m SELECT name
 FROM sqlite_master
 WHERE type = 'table' AND NOT name = 'sqlite_sequence'
[0m
  [4;35;1mSQL (3.6ms)[0m   [0mselect sqlite_version(*)[0m
  [4;36;1mSQL (6.3ms)[0m   [0;1mCREATE TABLE "schema_migrations" ("version" varchar(255) NOT NULL) [0m
  [4;35;1mSQL (3.7ms)[0m   [0mCREATE UNIQUE INDEX "unique_schema_migrations" ON "schema_migrations" ("version")[0m
  [4;36;1mSQL (0.8ms)[0m   [0;1m SELECT name
 FROM sqlite_master
 WHERE type = 'table' AND NOT name = 'sqlite_sequence'
[0m
  [4;35;1mSQL (0.5ms)[0m   [0mSELECT version FROM schema_migrations[0m
Migrating to CreateWorkperiods (20100702203255)
  [4;36;1mSQL (11.4ms)[0m   [0;1mCREATE TABLE "workperiods" ("id" INTEGER PRIMARY KEY AUTOINCREMENT NOT NULL, "start" datetime, "end" datetime, "message" varchar(255), "created_at" datetime, "updated_at" datetime) [0m
  [4;35;1mSQL (8.0ms)[0m   [0mINSERT INTO schema_migrations (version) VALUES ('20100702203255')[0m
  [4;36;1mSQL (0.8ms)[0m   [0;1m SELECT name
 FROM sqlite_master
 WHERE type = 'table' AND NOT name = 'sqlite_sequence'
[0m
  [4;35;1mSQL (12.1ms)[0m   [0mSELECT version FROM schema_migrations[0m
  [4;36;1mSQL (1.1ms)[0m   [0;1m SELECT name
 FROM sqlite_master
 WHERE type = 'table' AND NOT name = 'sqlite_sequence'
[0m
  [4;35;1mSQL (0.4ms)[0m   [0mPRAGMA index_list("workperiods")[0m


Processing ApplicationController#index (for 127.0.0.1 at 2010-07-03 02:12:45) [GET]


ActionController::RoutingError (No route matches "/timeperiods" with {:method=>:get}):
    /vendor/rails/actionpack/lib/action_controller/routing/recognition_optimisation.rb:66:in `recognize_path'
    /vendor/rails/actionpack/lib/action_controller/routing/route_set.rb:390:in `recognize'
    /vendor/rails/actionpack/lib/action_controller/dispatcher.rb:183:in `handle_request'
    /vendor/rails/actionpack/lib/action_controller/dispatcher.rb:112:in `dispatch_unlocked'
    /vendor/rails/actionpack/lib/action_controller/dispatcher.rb:125:in `dispatch'
    /vendor/rails/actionpack/lib/action_controller/dispatcher.rb:124:in `synchronize'
    /vendor/rails/actionpack/lib/action_controller/dispatcher.rb:124:in `dispatch'
    /vendor/rails/actionpack/lib/action_controller/dispatcher.rb:134:in `dispatch_cgi'
    /vendor/rails/actionpack/lib/action_controller/dispatcher.rb:41:in `dispatch'
    /vendor/rails/railties/lib/webrick_server.rb:103:in `handle_dispatch'
    /vendor/rails/railties/lib/webrick_server.rb:74:in `service'
    /usr/lib/ruby/1.8/webrick/httpserver.rb:104:in `service'
    /usr/lib/ruby/1.8/webrick/httpserver.rb:65:in `run'
    /usr/lib/ruby/1.8/webrick/server.rb:173:in `start_thread'
    /usr/lib/ruby/1.8/webrick/server.rb:162:in `start'
    /usr/lib/ruby/1.8/webrick/server.rb:162:in `start_thread'
    /usr/lib/ruby/1.8/webrick/server.rb:95:in `start'
    /usr/lib/ruby/1.8/webrick/server.rb:92:in `each'
    /usr/lib/ruby/1.8/webrick/server.rb:92:in `start'
    /usr/lib/ruby/1.8/webrick/server.rb:23:in `start'
    /usr/lib/ruby/1.8/webrick/server.rb:82:in `start'
    /vendor/rails/railties/lib/webrick_server.rb:60:in `dispatch'
    /vendor/rails/railties/lib/commands/servers/webrick.rb:66
    /usr/lib/ruby/1.8/rubygems/custom_require.rb:31:in `gem_original_require'
    /usr/lib/ruby/1.8/rubygems/custom_require.rb:31:in `require'
    /vendor/rails/activesupport/lib/active_support/dependencies.rb:153:in `require'
    /vendor/rails/activesupport/lib/active_support/dependencies.rb:521:in `new_constants_in'
    /vendor/rails/activesupport/lib/active_support/dependencies.rb:153:in `require'
    /vendor/rails/railties/lib/commands/server.rb:49
    /usr/lib/ruby/1.8/rubygems/custom_require.rb:31:in `gem_original_require'
    /usr/lib/ruby/1.8/rubygems/custom_require.rb:31:in `require'
    script/server:3

Rendering /home/sam/reports/vendor/rails/actionpack/lib/action_controller/templates/rescues/layout.erb (not_found)


Processing WorkperiodsController#index (for 127.0.0.1 at 2010-07-03 02:13:43) [GET]
  [4;36;1mWorkperiod Load (6.5ms)[0m   [0;1mSELECT * FROM "workperiods" [0m
Rendering template within layouts/workperiods
Rendering workperiods/index
Completed in 62ms (View: 20, DB: 7) | 200 OK [http://127.0.0.1/workperiods]
